 .../java/org/apache/commons/lang/ArrayUtils.java   | 4879 +++++++++++++++
 .../java/org/apache/commons/lang/BitField.java     |  290 +
 .../java/org/apache/commons/lang/BooleanUtils.java |  991 +++
 .../java/org/apache/commons/lang/CharEncoding.java |  153 +
 .../java/org/apache/commons/lang/CharRange.java    |  391 ++
 src/main/java/org/apache/commons/lang/CharSet.java |  300 +
 .../java/org/apache/commons/lang/CharSetUtils.java |  393 ++
 .../java/org/apache/commons/lang/CharUtils.java    |  576 ++
 .../java/org/apache/commons/lang/ClassUtils.java   | 1069 ++++
 .../java/org/apache/commons/lang/Entities.java     | 1023 +++
 .../apache/commons/lang/IllegalClassException.java |  103 +
 .../commons/lang/IncompleteArgumentException.java  |   89 +
 .../java/org/apache/commons/lang/IntHashMap.java   |  364 ++
 .../java/org/apache/commons/lang/LocaleUtils.java  |  296 +
 .../commons/lang/NotImplementedException.java      |  295 +
 .../apache/commons/lang/NullArgumentException.java |   64 +
 .../java/org/apache/commons/lang/NumberRange.java  |  222 +
 .../java/org/apache/commons/lang/NumberUtils.java  |  715 +++
 .../java/org/apache/commons/lang/ObjectUtils.java  |  474 ++
 .../org/apache/commons/lang/RandomStringUtils.java |  335 +
 .../commons/lang/SerializationException.java       |   80 +
 .../apache/commons/lang/SerializationUtils.java    |  196 +
 .../org/apache/commons/lang/StringEscapeUtils.java |  861 +++
 .../java/org/apache/commons/lang/StringUtils.java  | 6594 ++++++++++++++++++++
 .../java/org/apache/commons/lang/SystemUtils.java  | 1901 ++++++
 .../apache/commons/lang/UnhandledException.java    |   73 +
 .../java/org/apache/commons/lang/Validate.java     |  506 ++
 .../java/org/apache/commons/lang/WordUtils.java    |  647 ++
 .../commons/lang/builder/CompareToBuilder.java     | 1044 ++++
 .../apache/commons/lang/builder/EqualsBuilder.java |  849 +++
 .../commons/lang/builder/HashCodeBuilder.java      | 1008 +++
 .../org/apache/commons/lang/builder/IDKey.java     |   73 +
 .../lang/builder/ReflectionToStringBuilder.java    |  773 +++
 .../lang/builder/StandardToStringStyle.java        |  545 ++
 .../commons/lang/builder/ToStringBuilder.java      | 1068 ++++
 .../apache/commons/lang/builder/ToStringStyle.java | 2292 +++++++
 .../org/apache/commons/lang/builder/package.html   |   28 +
 .../java/org/apache/commons/lang/enum/Enum.java    |  655 ++
 .../org/apache/commons/lang/enum/EnumUtils.java    |  128 +
 .../org/apache/commons/lang/enum/ValuedEnum.java   |  196 +
 .../java/org/apache/commons/lang/enum/package.html |   62 +
 .../java/org/apache/commons/lang/enums/Enum.java   |  701 +++
 .../org/apache/commons/lang/enums/EnumUtils.java   |  124 +
 .../org/apache/commons/lang/enums/ValuedEnum.java  |  236 +
 .../org/apache/commons/lang/enums/package.html     |   54 +
 .../lang/exception/CloneFailedException.java       |   63 +
 .../commons/lang/exception/ExceptionUtils.java     | 1012 +++
 .../apache/commons/lang/exception/Nestable.java    |  178 +
 .../commons/lang/exception/NestableDelegate.java   |  404 ++
 .../commons/lang/exception/NestableError.java      |  197 +
 .../commons/lang/exception/NestableException.java  |  258 +
 .../lang/exception/NestableRuntimeException.java   |  202 +
 .../org/apache/commons/lang/exception/package.html |   27 +
 .../org/apache/commons/lang/math/DoubleRange.java  |  418 ++
 .../org/apache/commons/lang/math/FloatRange.java   |  410 ++
 .../org/apache/commons/lang/math/Fraction.java     |  948 +++
 .../apache/commons/lang/math/IEEE754rUtils.java    |  266 +
 .../org/apache/commons/lang/math/IntRange.java     |  400 ++
 .../org/apache/commons/lang/math/JVMRandom.java    |  228 +
 .../org/apache/commons/lang/math/LongRange.java    |  413 ++
 .../org/apache/commons/lang/math/NumberRange.java  |  244 +
 .../org/apache/commons/lang/math/NumberUtils.java  | 1592 +++++
 .../org/apache/commons/lang/math/RandomUtils.java  |  179 +
 .../java/org/apache/commons/lang/math/Range.java   |  433 ++
 .../java/org/apache/commons/lang/math/package.html |   25 +
 .../org/apache/commons/lang/mutable/Mutable.java   |   55 +
 .../commons/lang/mutable/MutableBoolean.java       |  192 +
 .../apache/commons/lang/mutable/MutableByte.java   |  277 +
 .../apache/commons/lang/mutable/MutableDouble.java |  309 +
 .../apache/commons/lang/mutable/MutableFloat.java  |  309 +
 .../apache/commons/lang/mutable/MutableInt.java    |  268 +
 .../apache/commons/lang/mutable/MutableLong.java   |  268 +
 .../apache/commons/lang/mutable/MutableObject.java |  113 +
 .../apache/commons/lang/mutable/MutableShort.java  |  277 +
 .../org/apache/commons/lang/mutable/package.html   |   29 +
 .../java/org/apache/commons/lang/overview.html     |   23 +
 src/main/java/org/apache/commons/lang/package.html |   25 +
 .../commons/lang/reflect/ConstructorUtils.java     |  353 ++
 .../apache/commons/lang/reflect/FieldUtils.java    |  599 ++
 .../apache/commons/lang/reflect/MemberUtils.java   |  220 +
 .../apache/commons/lang/reflect/MethodUtils.java   |  678 ++
 .../org/apache/commons/lang/reflect/package.html   |   29 +
 .../apache/commons/lang/text/CompositeFormat.java  |  116 +
 .../commons/lang/text/ExtendedMessageFormat.java   |  530 ++
 .../apache/commons/lang/text/FormatFactory.java    |   43 +
 .../org/apache/commons/lang/text/StrBuilder.java   | 2794 +++++++++
 .../org/apache/commons/lang/text/StrLookup.java    |  168 +
 .../org/apache/commons/lang/text/StrMatcher.java   |  430 ++
 .../apache/commons/lang/text/StrSubstitutor.java   |  926 +++
 .../org/apache/commons/lang/text/StrTokenizer.java | 1127 ++++
 .../java/org/apache/commons/lang/text/package.html |   26 +
 .../apache/commons/lang/time/DateFormatUtils.java  |  320 +
 .../org/apache/commons/lang/time/DateUtils.java    | 1940 ++++++
 .../commons/lang/time/DurationFormatUtils.java     |  666 ++
 .../apache/commons/lang/time/FastDateFormat.java   | 1747 ++++++
 .../org/apache/commons/lang/time/StopWatch.java    |  342 +
 .../java/org/apache/commons/lang/time/package.html |   32 +
 .../org/apache/commons/lang3/AnnotationUtils.java  |  371 --
 .../java/org/apache/commons/lang3/ArrayUtils.java  | 5797 -----------------
 .../java/org/apache/commons/lang3/BitField.java    |  283 -
 .../org/apache/commons/lang3/BooleanUtils.java     | 1082 ----
 .../org/apache/commons/lang3/CharEncoding.java     |  105 -
 .../java/org/apache/commons/lang3/CharRange.java   |  356 --
 .../apache/commons/lang3/CharSequenceUtils.java    |  197 -
 .../java/org/apache/commons/lang3/CharSet.java     |  278 -
 .../org/apache/commons/lang3/CharSetUtils.java     |  217 -
 .../java/org/apache/commons/lang3/CharUtils.java   |  560 --
 .../java/org/apache/commons/lang3/ClassUtils.java  | 1103 ----
 .../java/org/apache/commons/lang3/EnumUtils.java   |  208 -
 .../java/org/apache/commons/lang3/JavaVersion.java |  135 -
 .../java/org/apache/commons/lang3/LocaleUtils.java |  297 -
 .../java/org/apache/commons/lang3/ObjectUtils.java |  605 --
 .../apache/commons/lang3/RandomStringUtils.java    |  322 -
 src/main/java/org/apache/commons/lang3/Range.java  |  493 --
 .../commons/lang3/SerializationException.java      |   78 -
 .../apache/commons/lang3/SerializationUtils.java   |  198 -
 .../apache/commons/lang3/StringEscapeUtils.java    |  585 --
 .../java/org/apache/commons/lang3/StringUtils.java | 6560 -------------------
 .../java/org/apache/commons/lang3/SystemUtils.java | 1383 ----
 .../java/org/apache/commons/lang3/Validate.java    | 1071 ----
 .../org/apache/commons/lang3/builder/Builder.java  |   89 -
 .../commons/lang3/builder/CompareToBuilder.java    | 1019 ---
 .../commons/lang3/builder/EqualsBuilder.java       |  944 ---
 .../commons/lang3/builder/HashCodeBuilder.java     |  961 ---
 .../org/apache/commons/lang3/builder/IDKey.java    |   74 -
 .../lang3/builder/ReflectionToStringBuilder.java   |  697 ---
 .../lang3/builder/StandardToStringStyle.java       |  560 --
 .../commons/lang3/builder/ToStringBuilder.java     | 1079 ----
 .../commons/lang3/builder/ToStringStyle.java       | 2271 -------
 .../org/apache/commons/lang3/builder/package.html  |   28 -
 .../lang3/concurrent/AtomicInitializer.java        |  106 -
 .../lang3/concurrent/AtomicSafeInitializer.java    |   96 -
 .../lang3/concurrent/BackgroundInitializer.java    |  333 -
 .../lang3/concurrent/BasicThreadFactory.java       |  381 --
 .../concurrent/CallableBackgroundInitializer.java  |  126 -
 .../lang3/concurrent/ConcurrentException.java      |   70 -
 .../lang3/concurrent/ConcurrentInitializer.java    |   54 -
 .../concurrent/ConcurrentRuntimeException.java     |   72 -
 .../commons/lang3/concurrent/ConcurrentUtils.java  |  386 --
 .../lang3/concurrent/ConstantInitializer.java      |  128 -
 .../commons/lang3/concurrent/LazyInitializer.java  |  119 -
 .../concurrent/MultiBackgroundInitializer.java     |  352 --
 .../commons/lang3/concurrent/TimedSemaphore.java   |  421 --
 .../apache/commons/lang3/concurrent/package.html   |   23 -
 .../commons/lang3/event/EventListenerSupport.java  |  316 -
 .../org/apache/commons/lang3/event/EventUtils.java |  130 -
 .../org/apache/commons/lang3/event/package.html    |   22 -
 .../lang3/exception/CloneFailedException.java      |   62 -
 .../lang3/exception/ContextedException.java        |  236 -
 .../lang3/exception/ContextedRuntimeException.java |  236 -
 .../lang3/exception/DefaultExceptionContext.java   |  158 -
 .../commons/lang3/exception/ExceptionContext.java  |  103 -
 .../commons/lang3/exception/ExceptionUtils.java    |  697 ---
 .../apache/commons/lang3/exception/package.html    |   27 -
 .../org/apache/commons/lang3/math/Fraction.java    |  959 ---
 .../apache/commons/lang3/math/IEEE754rUtils.java   |  265 -
 .../org/apache/commons/lang3/math/NumberUtils.java | 1415 -----
 .../org/apache/commons/lang3/math/package.html     |   25 -
 .../org/apache/commons/lang3/mutable/Mutable.java  |   53 -
 .../commons/lang3/mutable/MutableBoolean.java      |  191 -
 .../apache/commons/lang3/mutable/MutableByte.java  |  281 -
 .../commons/lang3/mutable/MutableDouble.java       |  310 -
 .../apache/commons/lang3/mutable/MutableFloat.java |  311 -
 .../apache/commons/lang3/mutable/MutableInt.java   |  271 -
 .../apache/commons/lang3/mutable/MutableLong.java  |  271 -
 .../commons/lang3/mutable/MutableObject.java       |  126 -
 .../apache/commons/lang3/mutable/MutableShort.java |  281 -
 .../org/apache/commons/lang3/mutable/package.html  |   29 -
 .../java/org/apache/commons/lang3/overview.html    |   23 -
 .../java/org/apache/commons/lang3/package.html     |   25 -
 .../commons/lang3/reflect/ConstructorUtils.java    |  289 -
 .../apache/commons/lang3/reflect/FieldUtils.java   |  595 --
 .../apache/commons/lang3/reflect/MemberUtils.java  |  185 -
 .../apache/commons/lang3/reflect/MethodUtils.java  |  543 --
 .../apache/commons/lang3/reflect/TypeUtils.java    | 1088 ----
 .../org/apache/commons/lang3/reflect/package.html  |   29 -
 .../apache/commons/lang3/text/CompositeFormat.java |  116 -
 .../commons/lang3/text/ExtendedMessageFormat.java  |  535 --
 .../apache/commons/lang3/text/FormatFactory.java   |   42 -
 .../commons/lang3/text/FormattableUtils.java       |  151 -
 .../org/apache/commons/lang3/text/StrBuilder.java  | 2848 ---------
 .../org/apache/commons/lang3/text/StrLookup.java   |  172 -
 .../org/apache/commons/lang3/text/StrMatcher.java  |  436 --
 .../apache/commons/lang3/text/StrSubstitutor.java  |  926 ---
 .../apache/commons/lang3/text/StrTokenizer.java    | 1106 ----
 .../org/apache/commons/lang3/text/WordUtils.java   |  497 --
 .../org/apache/commons/lang3/text/package.html     |   26 -
 .../lang3/text/translate/AggregateTranslator.java  |   60 -
 .../text/translate/CharSequenceTranslator.java     |  125 -
 .../lang3/text/translate/CodePointTranslator.java  |   56 -
 .../commons/lang3/text/translate/EntityArrays.java |  425 --
 .../lang3/text/translate/LookupTranslator.java     |   80 -
 .../lang3/text/translate/NumericEntityEscaper.java |  119 -
 .../text/translate/NumericEntityUnescaper.java     |  139 -
 .../lang3/text/translate/OctalUnescaper.java       |   60 -
 .../lang3/text/translate/UnicodeEscaper.java       |  130 -
 .../lang3/text/translate/UnicodeUnescaper.java     |   69 -
 .../commons/lang3/text/translate/package.html      |   27 -
 .../apache/commons/lang3/time/DateFormatUtils.java |  320 -
 .../org/apache/commons/lang3/time/DateUtils.java   | 1831 ------
 .../commons/lang3/time/DurationFormatUtils.java    |  662 --
 .../apache/commons/lang3/time/FastDateFormat.java  | 1519 -----
 .../org/apache/commons/lang3/time/FormatCache.java |  202 -
 .../org/apache/commons/lang3/time/StopWatch.java   |  382 --
 .../org/apache/commons/lang3/time/package.html     |   23 -
 .../apache/commons/lang3/tuple/ImmutablePair.java  |  103 -
 .../apache/commons/lang3/tuple/MutablePair.java    |  123 -
 .../java/org/apache/commons/lang3/tuple/Pair.java  |  176 -
 .../org/apache/commons/lang3/tuple/package.html    |   22 -
 209 files changed, 56844 insertions(+), 55733 deletions(-)
